<?xml version="1.0" encoding="UTF-8"?>
<!-- Generated by org.testng.reporters.JUnitReportReporter -->
<testsuite hostname="Bhuvan" failures="0" tests="1" name="goDaddy.MenuLinks2" time="17.577" errors="0" timestamp="2021-12-30T10:10:59 IST" skipped="0">
  <testcase classname="goDaddy.MenuLinks2" name="verifyTitle" time="17.577"/>
  <system-out/>
</testsuite> <!-- goDaddy.MenuLinks2 -->
