<?xml version="1.0" encoding="UTF-8"?>
<!-- Generated by org.testng.reporters.JUnitReportReporter -->
<testsuite hostname="Bhuvan" failures="0" tests="1" name="TestNG.Maven_TestNG_QuickStart.AppTest" time="33.007" errors="0" timestamp="2021-12-30T10:10:59 IST" skipped="0">
  <testcase classname="TestNG.Maven_TestNG_QuickStart.AppTest" name="testEasy" time="33.007"/>
  <system-out/>
</testsuite> <!-- TestNG.Maven_TestNG_QuickStart.AppTest -->
